<?xml version="1.0" encoding="UTF-8"?>
<!-- Generated by org.testng.reporters.JUnitReportReporter -->
<testsuite skipped="0" hostname="DESKTOP-M8RIVEK" name="main.LogIn" tests="1" failures="0" timestamp="10 Mar 2019 16:23:59 GMT" time="22.863" errors="0">
  <testcase name="f" time="22.863" classname="main.LogIn"/>
</testsuite> <!-- main.LogIn -->
